mktextfm HeiTi
mktextfm HeiTi
mktextfm HeiTi
mktextfm HeiTi/BI
mktextfm HeiTi
mktextfm HeiTi/B
mktextfm HeiTi
mktextfm HeiTi/I
mktextfm HeiTi
mktextfm HeiTi
mktextfm HeiTi
mktextfm HeiTi
mktextfm HeiTi
mktextfm HeiTi
mktextfm HeiTi
mktextfm HeiTi
mktextfm HeiTi
mktextfm HeiTi
mktextfm HeiTi
mktextfm HeiTi
mktextfm HeiTi
mktextfm HeiTi
mktextfm SongTi
mktextfm SongTi
mktextfm SongTi
mktextfm SongTi/BI
mktextfm SongTi
mktextfm SongTi/B
mktextfm SongTi
mktextfm SongTi/I
mktextfm SongTi
mktextfm SongTi
mktextfm SongTi
mktextfm SongTi
mktextfm SongTi
mktextfm SongTi
mktextfm SongTi
mktextfm SongTi
mktextfm SongTi
mktextfm SongTi
mktextfm SongTi
mktextfm SongTi
mktextfm SongTi
mktextfm SongTi
